C51 COMPILER V9.01   MAIN                                                                  10/16/2018 00:43:01 PAGE 1   


C51 COMPILER V9.01, COMPILATION OF MODULE MAIN
OBJECT MODULE PLACED IN main.OBJ
COMPILER INVOKED BY: E:\Programs\Keil\C51\BIN\C51.EXE main.c LARGE BROWSE DEBUG OBJECTEXTEND

line level    source

   1          /**************************************************************************************
   2          *                             LCD1602液晶显示实验                                                                                                 *
   3          实现现象：下载程序后插上LCD1602液晶在开发板上，即可显示
   4          注意事项：如果不想让点阵模块显示，可以将74HC595模块上的JP595短接片拔掉。
   5          ***************************************************************************************/
   6          
   7          #include "reg52.h"                       //此文件中定义了单片机的一些特殊功能寄存器
   8          #include "lcd.h"
   9          #include"XPT2046.h"
  10          #include"judge.h"
  11          
  12          typedef unsigned int u16;         //对数据类型进行声明定义
  13          typedef unsigned char u8;
  14          
  15          
  16          u8 digplay1[] = "hello 674 ";
  17          
  18          void main(void)
  19          {
  20   1              u8 i;
  21   1              judge();
  22   1              interpret(testindex);
  23   1              LcdInit();
  24   1              for (i = 0; i < 6; i++)
  25   1              {
  26   2                      LcdWriteData(digplay[i]);
  27   2              }
  28   1              while (1);
  29   1      }


MODULE INFORMATION:   STATIC OVERLAYABLE
   CODE SIZE        =     55    ----
   CONSTANT SIZE    =   ----    ----
   XDATA SIZE       =     11       1
   PDATA SIZE       =   ----    ----
   DATA SIZE        =   ----    ----
   IDATA SIZE       =   ----    ----
   BIT SIZE         =   ----    ----
END OF MODULE INFORMATION.


C51 COMPILATION COMPLETE.  0 WARNING(S),  0 ERROR(S)
